<?xml version="1.0" encoding="UTF-8"?>
<!-- Generated by org.testng.reporters.JUnitReportReporter -->
<testsuite hostname="SurisMBP.attlocal.net" failures="0" tests="3" name="AmazonIn" time="8.835" errors="0" timestamp="2021-04-25T20:03:06 EDT" skipped="0">
  <testcase classname="AmazonIn" name="HomePageTitle" time="1.901"/>
  <system-out/>
  <testcase classname="AmazonIn" name="Mobiles" time="3.702"/>
  <system-out/>
  <testcase classname="AmazonIn" name="BestSeller" time="3.232"/>
  <system-out/>
</testsuite> <!-- AmazonIn -->
